# JRE version: OpenJDK Runtime Environment Temurin-21.0.5+11 (21.0.5+11) (build 21.0.5+11-LTS)
# Java VM: OpenJDK 64-Bit Server VM Temurin-21.0.5+11 (21.0.5+11-LTS, mixed mode, emulated-client, sharing, tiered, compressed oops, compressed class ptrs, g1 gc, windows-amd64)
GC Precious Log:
 CardTable entry size: 512
 Card Set container configuration: InlinePtr #cards 5 size 8 Array Of Cards #cards 12 size 40 Howl #buckets 4 coarsen threshold 1843 Howl Bitmap #cards 512 size 80 coarsen threshold 460 Card regions per heap region 1 cards per card region 2048
 CPUs: 8 total, 8 available
 Memory: 16270M
 Large Page Support: Disabled
 NUMA Support: Disabled
 Compressed Oops: Enabled (32-bit)
 Heap Region Size: 1M
 Heap Min Capacity: 8M
 Heap Initial Capacity: 256M
 Heap Max Capacity: 1G
 Pre-touch: Disabled
 Parallel Workers: 8
 Concurrent Workers: 2
 Concurrent Refinement Workers: 8
 Periodic GC: Disabled
Heap:
 garbage-first heap   total 109568K, used 44373K [0x00000000c0000000, 0x0000000100000000)
  region size 1024K, 1 young (1024K), 0 survivors (0K)
 Metaspace       used 58567K, committed 59392K, reserved 1114112K
  class space    used 7353K, committed 7744K, reserved 1048576K
GC Heap History (20 events):
Event: 45697.589 GC heap after
{Heap after GC invocations=2969 (full 2838):
 garbage-first heap   total 109568K, used 44373K [0x00000000c0000000, 0x0000000100000000)
  region size 1024K, 0 young (0K), 0 survivors (0K)
 Metaspace       used 58567K, committed 59392K, reserved 1114112K
  class space    used 7353K, committed 7744K, reserved 1048576K
}
Event: 45708.026 GC heap before
{Heap before GC invocations=2969 (full 2838):
 garbage-first heap   total 109568K, used 44373K [0x00000000c0000000, 0x0000000100000000)
  region size 1024K, 1 young (1024K), 0 survivors (0K)
 Metaspace       used 58567K, committed 59392K, reserved 1114112K
  class space    used 7353K, committed 7744K, reserved 1048576K
}
Event: 45708.124 GC heap after
{Heap after GC invocations=2970 (full 2839):
 garbage-first heap   total 109568K, used 44373K [0x00000000c0000000, 0x0000000100000000)
  region size 1024K, 0 young (0K), 0 survivors (0K)
 Metaspace       used 58567K, committed 59392K, reserved 1114112K
  class space    used 7353K, committed 7744K, reserved 1048576K
}
Event: 45718.497 GC heap before
{Heap before GC invocations=2970 (full 2839):
 garbage-first heap   total 109568K, used 44373K [0x00000000c0000000, 0x0000000100000000)
  region size 1024K, 1 young (1024K), 0 survivors (0K)
 Metaspace       used 58567K, committed 59392K, reserved 1114112K
  class space    used 7353K, committed 7744K, reserved 1048576K
}
Event: 45718.574 GC heap after
{Heap after GC invocations=2971 (full 2840):
 garbage-first heap   total 109568K, used 44373K [0x00000000c0000000, 0x0000000100000000)
  region size 1024K, 0 young (0K), 0 survivors (0K)
 Metaspace       used 58567K, committed 59392K, reserved 1114112K
  class space    used 7353K, committed 7744K, reserved 1048576K
}
Event: 45728.975 GC heap before
{Heap before GC invocations=2971 (full 2840):
 garbage-first heap   total 109568K, used 44373K [0x00000000c0000000, 0x0000000100000000)
  region size 1024K, 1 young (1024K), 0 survivors (0K)
 Metaspace       used 58567K, committed 59392K, reserved 1114112K
  class space    used 7353K, committed 7744K, reserved 1048576K
}
Event: 45729.055 GC heap after
{Heap after GC invocations=2972 (full 2841):
 garbage-first heap   total 109568K, used 44373K [0x00000000c0000000, 0x0000000100000000)
  region size 1024K, 0 young (0K), 0 survivors (0K)
 Metaspace       used 58567K, committed 59392K, reserved 1114112K
  class space    used 7353K, committed 7744K, reserved 1048576K
}
Event: 45739.508 GC heap before
{Heap before GC invocations=2972 (full 2841):
 garbage-first heap   total 109568K, used 44373K [0x00000000c0000000, 0x0000000100000000)
  region size 1024K, 1 young (1024K), 0 survivors (0K)
 Metaspace       used 58567K, committed 59392K, reserved 1114112K
  class space    used 7353K, committed 7744K, reserved 1048576K
}
Event: 45739.583 GC heap after
{Heap after GC invocations=2973 (full 2842):
 garbage-first heap   total 109568K, used 44373K [0x00000000c0000000, 0x0000000100000000)
  region size 1024K, 0 young (0K), 0 survivors (0K)
 Metaspace       used 58567K, committed 59392K, reserved 1114112K
  class space    used 7353K, committed 7744K, reserved 1048576K
}
Event: 45749.980 GC heap before
{Heap before GC invocations=2973 (full 2842):
 garbage-first heap   total 109568K, used 44373K [0x00000000c0000000, 0x0000000100000000)
  region size 1024K, 1 young (1024K), 0 survivors (0K)
 Metaspace       used 58567K, committed 59392K, reserved 1114112K
  class space    used 7353K, committed 7744K, reserved 1048576K
}
Event: 45750.053 GC heap after
{Heap after GC invocations=2974 (full 2843):
 garbage-first heap   total 109568K, used 44373K [0x00000000c0000000, 0x0000000100000000)
  region size 1024K, 0 young (0K), 0 survivors (0K)
 Metaspace       used 58567K, committed 59392K, reserved 1114112K
  class space    used 7353K, committed 7744K, reserved 1048576K
}
Event: 45760.765 GC heap before
{Heap before GC invocations=2974 (full 2843):
 garbage-first heap   total 109568K, used 44373K [0x00000000c0000000, 0x0000000100000000)
  region size 1024K, 1 young (1024K), 0 survivors (0K)
 Metaspace       used 58567K, committed 59392K, reserved 1114112K
  class space    used 7353K, committed 7744K, reserved 1048576K
}
Event: 45760.870 GC heap after
{Heap after GC invocations=2975 (full 2844):
 garbage-first heap   total 109568K, used 44373K [0x00000000c0000000, 0x0000000100000000)
  region size 1024K, 0 young (0K), 0 survivors (0K)
 Metaspace       used 58567K, committed 59392K, reserved 1114112K
  class space    used 7353K, committed 7744K, reserved 1048576K
}
Event: 45771.253 GC heap before
{Heap before GC invocations=2975 (full 2844):
 garbage-first heap   total 109568K, used 44373K [0x00000000c0000000, 0x0000000100000000)
  region size 1024K, 1 young (1024K), 0 survivors (0K)
 Metaspace       used 58567K, committed 59392K, reserved 1114112K
  class space    used 7353K, committed 7744K, reserved 1048576K
}
Event: 45771.331 GC heap after
{Heap after GC invocations=2976 (full 2845):
 garbage-first heap   total 109568K, used 44373K [0x00000000c0000000, 0x0000000100000000)
  region size 1024K, 0 young (0K), 0 survivors (0K)
 Metaspace       used 58567K, committed 59392K, reserved 1114112K
  class space    used 7353K, committed 7744K, reserved 1048576K
}
Event: 45781.695 GC heap before
{Heap before GC invocations=2976 (full 2845):
 garbage-first heap   total 109568K, used 44373K [0x00000000c0000000, 0x0000000100000000)
  region size 1024K, 1 young (1024K), 0 survivors (0K)
 Metaspace       used 58567K, committed 59392K, reserved 1114112K
  class space    used 7353K, committed 7744K, reserved 1048576K
}
Event: 45781.766 GC heap after
{Heap after GC invocations=2977 (full 2846):
 garbage-first heap   total 109568K, used 44373K [0x00000000c0000000, 0x0000000100000000)
  region size 1024K, 0 young (0K), 0 survivors (0K)
 Metaspace       used 58567K, committed 59392K, reserved 1114112K
  class space    used 7353K, committed 7744K, reserved 1048576K
}
Event: 45792.354 GC heap before
{Heap before GC invocations=2977 (full 2846):
 garbage-first heap   total 109568K, used 44373K [0x00000000c0000000, 0x0000000100000000)
  region size 1024K, 1 young (1024K), 0 survivors (0K)
 Metaspace       used 58567K, committed 59392K, reserved 1114112K
  class space    used 7353K, committed 7744K, reserved 1048576K
}
Event: 45792.454 GC heap after
{Heap after GC invocations=2978 (full 2847):
 garbage-first heap   total 109568K, used 44373K [0x00000000c0000000, 0x0000000100000000)
  region size 1024K, 0 young (0K), 0 survivors (0K)
 Metaspace       used 58567K, committed 59392K, reserved 1114112K
  class space    used 7353K, committed 7744K, reserved 1048576K
}
Event: 45802.609 GC heap before
{Heap before GC invocations=2978 (full 2847):
 garbage-first heap   total 109568K, used 44373K [0x00000000c0000000, 0x0000000100000000)
  region size 1024K, 1 young (1024K), 0 survivors (0K)
 Metaspace       used 58567K, committed 59392K, reserved 1114112K
  class space    used 7353K, committed 7744K, reserved 1048576K
}

